2016-12-16 08:25:17,542 ERROR [{}] Слово не на кириллице "boo" в ресурсе C:\Work\Java\Innopolis\SeekUniq\Test7.txt
2016-12-16 08:25:17,542 ERROR [{}] Слово не на кириллице "boo" в ресурсе C:\Work\Java\Innopolis\SeekUniq\Test.txt
2016-12-16 08:25:17,558 ERROR [{}] Ошибка в потоке, открывающем ресурс
java.io.InterruptedIOException
	at SUthread.Checker.checkOnUnq(Checker.java:50)
	at SUthread.UThread.run(UThread.java:71)
2016-12-16 08:25:22,542 ERROR [{}] Повтор слова "вы" в ресурсе C:\Work\Java\Innopolis\SeekUniq\Test4.txt
2016-12-16 08:25:22,542 INFO [{}] Ресурс обработан удачно C:\Work\Java\Innopolis\SeekUniq\Test2.txt
2016-12-16 08:25:22,558 ERROR [{}] Повтор слова "с" в ресурсе C:\Work\Java\Innopolis\SeekUniq\Test5.txt
2016-12-16 08:25:22,542 INFO [{}] Ресурс обработан удачно C:\Work\Java\Innopolis\SeekUniq\Test8.txt
2016-12-16 08:25:22,542 INFO [{}] Ресурс обработан удачно C:\Work\Java\Innopolis\SeekUniq\Test3.txt
2016-12-16 08:25:22,542 INFO [{}] Ресурс обработан удачно C:\Work\Java\Innopolis\SeekUniq\Test6.txt
2016-12-16 08:26:31,362 ERROR [{}] Слово не на кириллице "boo" в ресурсе C:\Work\Java\Innopolis\SeekUniq\Test7.txt
2016-12-16 08:26:31,362 ERROR [{}] Слово не на кириллице "boo" в ресурсе C:\Work\Java\Innopolis\SeekUniq\Test.txt
2016-12-16 08:26:36,363 ERROR [{}] Повтор слова "с" в ресурсе C:\Work\Java\Innopolis\SeekUniq\Test5.txt
2016-12-16 08:26:36,363 INFO [{}] Ресурс обработан удачно C:\Work\Java\Innopolis\SeekUniq\Test3.txt
2016-12-16 08:26:36,378 ERROR [{}] Ошибка в потоке, открывающем ресурс
java.io.InterruptedIOException
	at SUthread.Checker.checkOnUnq(Checker.java:50)
	at SUthread.UThread.run(UThread.java:71)
2016-12-16 08:26:36,378 ERROR [{}] Ошибка в потоке, открывающем ресурс
java.io.InterruptedIOException
	at SUthread.Checker.checkOnUnq(Checker.java:50)
	at SUthread.UThread.run(UThread.java:71)
2016-12-16 08:26:36,378 ERROR [{}] Повтор слова "вы" в ресурсе C:\Work\Java\Innopolis\SeekUniq\Test4.txt
2016-12-16 08:31:37,034 ERROR [{}] Повтор слова "по" в ресурсе C:\Work\Java\Innopolis\SeekUniq\Test3.txt
2016-12-16 08:33:43,741 INFO [{}] Ресурс обработан удачно C:\Work\Java\Innopolis\SeekUniq\Test3.txt
2016-12-16 08:34:49,114 INFO [{}] Ресурс обработан удачно C:\Work\Java\Innopolis\SeekUniq\Test3.txt
2016-12-16 08:36:57,793 ERROR [{}] Повтор слова "по" в ресурсе C:\Work\Java\Innopolis\SeekUniq\Test3.txt
2016-12-16 08:37:37,080 ERROR [{}] Слово не на кириллице "boo" в ресурсе C:\Work\Java\Innopolis\SeekUniq\Test7.txt
2016-12-16 08:37:37,080 ERROR [{}] Слово не на кириллице "II" в ресурсе C:\Work\Java\Innopolis\SeekUniq\Test6.txt
2016-12-16 08:37:37,095 ERROR [{}] Повтор слова "вы" в ресурсе C:\Work\Java\Innopolis\SeekUniq\Test4.txt
2016-12-16 08:37:37,095 ERROR [{}] Слово не на кириллице "n" в ресурсе C:\Work\Java\Innopolis\SeekUniq\Test1.txt
2016-12-16 08:37:37,127 ERROR [{}] Ошибка в потоке, открывающем ресурс
java.io.InterruptedIOException
	at SUthread.Checker.checkOnRus(Checker.java:90)
	at SUthread.UThread.run(UThread.java:55)
2016-12-16 08:37:37,111 ERROR [{}] Ошибка в потоке, открывающем ресурс
java.io.InterruptedIOException
	at SUthread.Checker.checkOnUnq(Checker.java:50)
	at SUthread.UThread.run(UThread.java:62)
2016-12-16 08:37:37,111 ERROR [{}] Повтор слова "с" в ресурсе C:\Work\Java\Innopolis\SeekUniq\Test5.txt
2016-12-16 08:37:37,111 ERROR [{}] Слово не на кириллице "API" в ресурсе C:\Work\Java\Innopolis\SeekUniq\Test2.txt
2016-12-16 08:37:37,095 ERROR [{}] Слово не на кириллице "boo" в ресурсе C:\Work\Java\Innopolis\SeekUniq\Test.txt
2016-12-16 08:38:20,764 ERROR [{}] Слово не на кириллице "boo" в ресурсе C:\Work\Java\Innopolis\SeekUniq\Test7.txt
2016-12-16 08:38:20,780 ERROR [{}] Слово не на кириллице "boo" в ресурсе C:\Work\Java\Innopolis\SeekUniq\Test.txt
2016-12-16 08:38:20,780 ERROR [{}] Ошибка в потоке, открывающем ресурс
java.io.InterruptedIOException
	at SUthread.Checker.checkOnRus(Checker.java:90)
	at SUthread.UThread.run(UThread.java:55)
2016-12-16 08:38:20,795 ERROR [{}] Ошибка в потоке, открывающем ресурс
java.io.InterruptedIOException
	at SUthread.Checker.checkOnRus(Checker.java:90)
	at SUthread.UThread.run(UThread.java:55)
2016-12-16 08:38:21,780 ERROR [{}] Повтор слова "с" в ресурсе C:\Work\Java\Innopolis\SeekUniq\Test5.txt
2016-12-16 08:38:21,780 INFO [{}] Ресурс обработан удачно C:\Work\Java\Innopolis\SeekUniq\Test2.txt
2016-12-16 08:38:21,795 ERROR [{}] Повтор слова "символов" в ресурсе C:\Work\Java\Innopolis\SeekUniq\Test1.txt
2016-12-16 08:38:21,795 INFO [{}] Ресурс обработан удачно C:\Work\Java\Innopolis\SeekUniq\Test3.txt
2016-12-16 08:38:21,795 INFO [{}] Ресурс обработан удачно C:\Work\Java\Innopolis\SeekUniq\Test8.txt
2016-12-16 08:38:50,885 ERROR [{}] Слово не на кириллице "boo" в ресурсе C:\Work\Java\Innopolis\SeekUniq\Test7.txt
2016-12-16 08:38:50,900 ERROR [{}] Ошибка в потоке, открывающем ресурс
java.io.InterruptedIOException
	at SUthread.Checker.checkOnRus(Checker.java:90)
	at SUthread.UThread.run(UThread.java:55)
2016-12-16 08:38:50,900 ERROR [{}] Ошибка в потоке, открывающем ресурс
java.io.InterruptedIOException
	at SUthread.Checker.checkOnRus(Checker.java:90)
	at SUthread.UThread.run(UThread.java:55)
2016-12-16 08:38:50,916 ERROR [{}] Ошибка в потоке, открывающем ресурс
java.io.InterruptedIOException
	at SUthread.Checker.checkOnRus(Checker.java:90)
	at SUthread.UThread.run(UThread.java:55)
2016-12-16 08:38:50,900 ERROR [{}] Ошибка в потоке, открывающем ресурс
java.io.InterruptedIOException
	at SUthread.Checker.checkOnRus(Checker.java:90)
	at SUthread.UThread.run(UThread.java:55)
2016-12-16 08:38:50,916 ERROR [{}] Ошибка в потоке, открывающем ресурс
java.io.InterruptedIOException
	at SUthread.Checker.checkOnRus(Checker.java:90)
	at SUthread.UThread.run(UThread.java:55)
2016-12-16 08:38:50,900 ERROR [{}] Слово не на кириллице "boo" в ресурсе C:\Work\Java\Innopolis\SeekUniq\Test.txt
2016-12-16 08:38:50,900 ERROR [{}] Ошибка в потоке, открывающем ресурс
java.io.InterruptedIOException
	at SUthread.Checker.checkOnRus(Checker.java:90)
	at SUthread.UThread.run(UThread.java:55)
2016-12-16 08:38:50,916 INFO [{}] Ресурс обработан удачно C:\Work\Java\Innopolis\SeekUniq\Test8.txt
2016-12-16 08:39:14,735 ERROR [{}] Слово не на кириллице "boo" в ресурсе C:\Work\Java\Innopolis\SeekUniq\Test.txt
2016-12-16 08:39:14,750 ERROR [{}] Ошибка в потоке, открывающем ресурс
java.io.InterruptedIOException
	at SUthread.Checker.checkOnRus(Checker.java:90)
	at SUthread.UThread.run(UThread.java:55)
2016-12-16 08:39:14,750 ERROR [{}] Ошибка в потоке, открывающем ресурс
java.io.InterruptedIOException
	at SUthread.Checker.checkOnRus(Checker.java:90)
	at SUthread.UThread.run(UThread.java:55)
2016-12-16 08:39:14,782 ERROR [{}] Ошибка в потоке, открывающем ресурс
java.io.InterruptedIOException
	at SUthread.Checker.checkOnRus(Checker.java:90)
	at SUthread.UThread.run(UThread.java:55)
2016-12-16 08:39:14,782 ERROR [{}] Слово не на кириллице "boo" в ресурсе C:\Work\Java\Innopolis\SeekUniq\Test7.txt
2016-12-16 08:39:14,782 ERROR [{}] Ошибка в потоке, открывающем ресурс
java.io.InterruptedIOException
	at SUthread.Checker.checkOnRus(Checker.java:90)
	at SUthread.UThread.run(UThread.java:55)
2016-12-16 08:39:14,782 ERROR [{}] Ошибка в потоке, открывающем ресурс
java.io.InterruptedIOException
	at SUthread.Checker.checkOnRus(Checker.java:90)
	at SUthread.UThread.run(UThread.java:55)
2016-12-16 08:39:14,782 ERROR [{}] Ошибка в потоке, открывающем ресурс
java.io.InterruptedIOException
	at SUthread.Checker.checkOnRus(Checker.java:90)
	at SUthread.UThread.run(UThread.java:55)
2016-12-16 08:39:14,766 ERROR [{}] Ошибка в потоке, открывающем ресурс
java.io.InterruptedIOException
	at SUthread.Checker.checkOnRus(Checker.java:90)
	at SUthread.UThread.run(UThread.java:55)
2016-12-16 09:00:28,192 ERROR [{}] Слово не на кириллице "boo" в ресурсе C:\Work\Java\Innopolis\SeekUniq\Test7.txt
2016-12-16 09:00:28,192 ERROR [{}] Слово не на кириллице "boo" в ресурсе C:\Work\Java\Innopolis\SeekUniq\Test.txt
2016-12-16 09:00:29,217 ERROR [{}] Повтор слова "вы" в ресурсе C:\Work\Java\Innopolis\SeekUniq\Test4.txt
2016-12-16 09:00:29,217 ERROR [{}] Повтор слова "символов" в ресурсе C:\Work\Java\Innopolis\SeekUniq\Test1.txt
2016-12-16 09:00:29,217 INFO [{}] Ресурс обработан удачно C:\Work\Java\Innopolis\SeekUniq\Test2.txt
2016-12-16 09:00:29,233 INFO [{}] Ресурс обработан удачно C:\Work\Java\Innopolis\SeekUniq\Test8.txt
2016-12-16 09:00:29,217 INFO [{}] Ресурс обработан удачно C:\Work\Java\Innopolis\SeekUniq\Test3.txt
2016-12-16 09:00:29,217 INFO [{}] Ресурс обработан удачно C:\Work\Java\Innopolis\SeekUniq\Test6.txt
2016-12-16 09:00:29,233 ERROR [{}] Повтор слова "с" в ресурсе C:\Work\Java\Innopolis\SeekUniq\Test5.txt
2016-12-16 09:00:55,228 ERROR [{}] Слово не на кириллице "boo" в ресурсе C:\Work\Java\Innopolis\SeekUniq\Test.txt
2016-12-16 09:00:55,233 ERROR [{}] Слово не на кириллице "boo" в ресурсе C:\Work\Java\Innopolis\SeekUniq\Test7.txt
2016-12-16 09:00:56,246 ERROR [{}] Повтор слова "вы" в ресурсе C:\Work\Java\Innopolis\SeekUniq\Test4.txt
2016-12-16 09:00:56,246 INFO [{}] Ресурс обработан удачно C:\Work\Java\Innopolis\SeekUniq\Test3.txt
2016-12-16 09:00:56,246 INFO [{}] Ресурс обработан удачно C:\Work\Java\Innopolis\SeekUniq\Test6.txt
2016-12-16 09:00:56,246 INFO [{}] Ресурс обработан удачно C:\Work\Java\Innopolis\SeekUniq\Test8.txt
2016-12-16 09:00:56,262 ERROR [{}] Повтор слова "с" в ресурсе C:\Work\Java\Innopolis\SeekUniq\Test5.txt
2016-12-16 09:00:56,262 ERROR [{}] Повтор слова "символов" в ресурсе C:\Work\Java\Innopolis\SeekUniq\Test1.txt
2016-12-16 09:00:56,262 ERROR [{}] Ошибка в потоке, открывающем ресурс
java.io.InterruptedIOException
	at SUthread.Checker.checkOnUnq(Checker.java:50)
	at SUthread.UThread.run(UThread.java:62)
2016-12-16 09:30:51,011 ERROR [{}] Слово не на кириллице "boo" в ресурсе C:\Work\Java\Innopolis\SeekUniq\Test.txt
2016-12-16 09:30:51,014 ERROR [{}] Повтор слова "по" в ресурсе C:\Work\Java\Innopolis\SeekUniq\Test3.txt
2016-12-16 09:30:51,014 ERROR [{}] Слово не на кириллице "API" в ресурсе C:\Work\Java\Innopolis\SeekUniq\Test2.txt
2016-12-16 09:30:51,014 ERROR [{}] Слово не на кириллице "n" в ресурсе C:\Work\Java\Innopolis\SeekUniq\Test1.txt
2016-12-16 09:30:51,061 ERROR [{}] Слово не на кириллице "II" в ресурсе C:\Work\Java\Innopolis\SeekUniq\Test6.txt
2016-12-16 09:30:51,061 ERROR [{}] Повтор слова "с" в ресурсе C:\Work\Java\Innopolis\SeekUniq\Test5.txt
2016-12-16 09:30:51,045 ERROR [{}] Слово не на кириллице "boo" в ресурсе C:\Work\Java\Innopolis\SeekUniq\Test7.txt
2016-12-16 09:30:51,045 ERROR [{}] Повтор слова "вы" в ресурсе C:\Work\Java\Innopolis\SeekUniq\Test4.txt
2016-12-16 09:30:51,030 ERROR [{}] Слово не на кириллице "II" в ресурсе C:\Work\Java\Innopolis\SeekUniq\Test8.txt
2016-12-16 09:31:06,638 ERROR [{}] Слово не на кириллице "II" в ресурсе C:\Work\Java\Innopolis\SeekUniq\Test8.txt
2016-12-16 09:31:06,645 ERROR [{}] Слово не на кириллице "boo" в ресурсе C:\Work\Java\Innopolis\SeekUniq\Test.txt
2016-12-16 09:31:06,657 ERROR [{}] Повтор слова "с" в ресурсе C:\Work\Java\Innopolis\SeekUniq\Test5.txt
2016-12-16 09:31:06,657 ERROR [{}] Слово не на кириллице "II" в ресурсе C:\Work\Java\Innopolis\SeekUniq\Test6.txt
2016-12-16 09:31:06,661 ERROR [{}] Повтор слова "вы" в ресурсе C:\Work\Java\Innopolis\SeekUniq\Test4.txt
2016-12-16 09:31:06,657 ERROR [{}] Слово не на кириллице "boo" в ресурсе C:\Work\Java\Innopolis\SeekUniq\Test7.txt
2016-12-16 09:33:56,564 ERROR [{}] Слово не на кириллице "II" в ресурсе C:\Work\Java\Innopolis\SeekUniq\Test8.txt
2016-12-16 09:33:56,572 ERROR [{}] Слово не на кириллице "boo" в ресурсе C:\Work\Java\Innopolis\SeekUniq\Test7.txt
2016-12-16 09:33:56,573 ERROR [{}] Слово не на кириллице "II" в ресурсе C:\Work\Java\Innopolis\SeekUniq\Test6.txt
2016-12-16 09:33:56,575 ERROR [{}] Слово не на кириллице "boo" в ресурсе C:\Work\Java\Innopolis\SeekUniq\Test.txt
2016-12-16 09:33:56,576 ERROR [{}] Слово не на кириллице "n" в ресурсе C:\Work\Java\Innopolis\SeekUniq\Test1.txt
2016-12-16 09:33:56,577 ERROR [{}] Слово не на кириллице "API" в ресурсе C:\Work\Java\Innopolis\SeekUniq\Test2.txt
2016-12-16 09:33:56,579 ERROR [{}] Повтор слова "по" в ресурсе C:\Work\Java\Innopolis\SeekUniq\Test3.txt
2016-12-16 09:33:56,580 ERROR [{}] Повтор слова "вы" в ресурсе C:\Work\Java\Innopolis\SeekUniq\Test4.txt
2016-12-16 09:33:56,580 ERROR [{}] Повтор слова "с" в ресурсе C:\Work\Java\Innopolis\SeekUniq\Test5.txt
2016-12-16 09:34:22,263 ERROR [{}] Слово не на кириллице "II" в ресурсе C:\Work\Java\Innopolis\SeekUniq\Test6.txt
2016-12-16 09:34:22,270 ERROR [{}] Слово не на кириллице "API" в ресурсе C:\Work\Java\Innopolis\SeekUniq\Test2.txt
2016-12-16 09:34:22,282 ERROR [{}] Слово не на кириллице "n" в ресурсе C:\Work\Java\Innopolis\SeekUniq\Test1.txt
2016-12-16 09:34:22,341 ERROR [{}] Повтор слова "по" в ресурсе C:\Work\Java\Innopolis\SeekUniq\Test3.txt
2016-12-16 09:34:22,358 ERROR [{}] Слово не на кириллице "boo" в ресурсе C:\Work\Java\Innopolis\SeekUniq\Test7.txt
2016-12-16 09:34:22,356 ERROR [{}] Слово не на кириллице "II" в ресурсе C:\Work\Java\Innopolis\SeekUniq\Test8.txt
2016-12-16 09:34:22,343 ERROR [{}] Слово не на кириллице "boo" в ресурсе C:\Work\Java\Innopolis\SeekUniq\Test.txt
2016-12-16 09:34:22,353 ERROR [{}] Повтор слова "вы" в ресурсе C:\Work\Java\Innopolis\SeekUniq\Test4.txt
2016-12-16 09:34:22,351 ERROR [{}] Повтор слова "с" в ресурсе C:\Work\Java\Innopolis\SeekUniq\Test5.txt
2016-12-16 09:37:03,133 ERROR [{}] Слово не на кириллице "boo" в ресурсе C:\Work\Java\Innopolis\SeekUniq\Test7.txt
2016-12-16 09:37:03,142 ERROR [{}] Слово не на кириллице "II" в ресурсе C:\Work\Java\Innopolis\SeekUniq\Test8.txt
2016-12-16 09:37:03,151 ERROR [{}] Слово не на кириллице "boo" в ресурсе C:\Work\Java\Innopolis\SeekUniq\Test.txt
2016-12-16 09:37:03,172 ERROR [{}] Повтор слова "вы" в ресурсе C:\Work\Java\Innopolis\SeekUniq\Test4.txt
2016-12-16 09:37:03,187 ERROR [{}] Повтор слова "с" в ресурсе C:\Work\Java\Innopolis\SeekUniq\Test5.txt
2016-12-16 09:37:03,195 ERROR [{}] Слово не на кириллице "n" в ресурсе C:\Work\Java\Innopolis\SeekUniq\Test1.txt
2016-12-16 09:37:03,197 ERROR [{}] Слово не на кириллице "II" в ресурсе C:\Work\Java\Innopolis\SeekUniq\Test6.txt
2016-12-16 09:37:03,198 ERROR [{}] Повтор слова "по" в ресурсе C:\Work\Java\Innopolis\SeekUniq\Test3.txt
2016-12-16 09:37:03,199 ERROR [{}] Слово не на кириллице "API" в ресурсе C:\Work\Java\Innopolis\SeekUniq\Test2.txt
2016-12-16 09:46:17,094 ERROR [{}] Слово не на кириллице "boo" в ресурсе C:\Work\Java\Innopolis\SeekUniq\Test7.txt
2016-12-16 09:46:17,109 ERROR [{}] Слово не на кириллице "II" в ресурсе C:\Work\Java\Innopolis\SeekUniq\Test6.txt
2016-12-16 09:46:17,094 ERROR [{}] Слово не на кириллице "boo" в ресурсе C:\Work\Java\Innopolis\SeekUniq\Test.txt
2016-12-16 09:46:17,109 ERROR [{}] Слово не на кириллице "II" в ресурсе C:\Work\Java\Innopolis\SeekUniq\Test8.txt
2016-12-16 09:46:17,140 ERROR [{}] Повтор слова "вы" в ресурсе C:\Work\Java\Innopolis\SeekUniq\Test4.txt
2016-12-16 09:46:17,125 ERROR [{}] Слово не на кириллице "n" в ресурсе C:\Work\Java\Innopolis\SeekUniq\Test1.txt
2016-12-16 09:46:17,125 ERROR [{}] Повтор слова "с" в ресурсе C:\Work\Java\Innopolis\SeekUniq\Test5.txt
2016-12-16 09:48:46,636 ERROR [{}] Слово не на кириллице "boo" в ресурсе C:\Work\Java\Innopolis\SeekUniq\Test7.txt
2016-12-16 09:48:46,651 ERROR [{}] Слово не на кириллице "II" в ресурсе C:\Work\Java\Innopolis\SeekUniq\Test8.txt
2016-12-16 09:59:03,948 ERROR [{}] Слово не на кириллице "boo" в ресурсе C:\Work\Java\Innopolis\SeekUniq\Test7.txt
2016-12-16 09:59:03,963 ERROR [{}] Слово не на кириллице "II" в ресурсе C:\Work\Java\Innopolis\SeekUniq\Test6.txt
2016-12-16 09:59:03,948 ERROR [{}] Слово не на кириллице "API" в ресурсе C:\Work\Java\Innopolis\SeekUniq\Test2.txt
2016-12-16 09:59:03,979 ERROR [{}] Повтор слова "вы" в ресурсе C:\Work\Java\Innopolis\SeekUniq\Test4.txt
2016-12-16 09:59:03,979 ERROR [{}] Повтор слова "по" в ресурсе C:\Work\Java\Innopolis\SeekUniq\Test3.txt
2016-12-16 09:59:03,979 ERROR [{}] Слово не на кириллице "boo" в ресурсе C:\Work\Java\Innopolis\SeekUniq\Test.txt
2016-12-16 09:59:03,979 ERROR [{}] Слово не на кириллице "n" в ресурсе C:\Work\Java\Innopolis\SeekUniq\Test1.txt
2016-12-16 09:59:03,979 ERROR [{}] Повтор слова "с" в ресурсе C:\Work\Java\Innopolis\SeekUniq\Test5.txt
2016-12-16 10:24:03,711 INFO [{}] before class
2016-12-16 10:25:39,164 INFO [{}] before class
2016-12-16 10:28:37,838 INFO [{}] before class
2016-12-16 10:59:43,629 INFO [{}] before class
2016-12-16 11:03:37,809 INFO [{}] before class
2016-12-16 13:02:13,691 INFO [{}] before class
2016-12-16 13:06:15,581 INFO [{}] before class
2016-12-16 14:24:12,353 INFO [{}] before class
2016-12-16 14:24:22,731 INFO [{}] before class
2016-12-16 14:24:55,682 INFO [{}] before class
2016-12-16 14:25:24,178 INFO [{}] before class
2016-12-16 14:25:49,671 INFO [{}] before class
2016-12-16 14:26:22,225 INFO [{}] before class
2016-12-16 14:27:56,719 INFO [{}] before class
2016-12-16 14:34:00,029 INFO [{}] before class
2016-12-16 14:34:20,646 INFO [{}] before class
2016-12-16 14:35:18,830 INFO [{}] before class
2016-12-16 14:35:48,245 INFO [{}] before class
2016-12-16 14:36:13,918 INFO [{}] before class
2016-12-16 14:39:01,505 INFO [{}] before class
2016-12-16 14:39:01,758 INFO [{}] myfile.txt
2016-12-16 14:39:20,298 INFO [{}] before class
2016-12-16 14:39:20,592 INFO [{}] C:\Users\raxis\AppData\Local\Temp\junit2493519535913502679\myfile.txt
2016-12-16 14:39:53,084 INFO [{}] before class
2016-12-16 14:39:53,388 INFO [{}] C:\Users\raxis\AppData\Local\Temp\junit5556496015479821777\myfile.txt
2016-12-16 14:40:16,618 INFO [{}] before class
2016-12-16 14:40:16,911 INFO [{}] C:\Users\raxis\AppData\Local\Temp\junit7550852025171491950\myfile.txt
2016-12-16 14:41:02,439 INFO [{}] before class
2016-12-16 14:41:03,071 INFO [{}] C:\Users\raxis\AppData\Local\Temp\junit7096639043966781621\myfile.txt
2016-12-16 14:42:44,733 INFO [{}] before class
2016-12-16 14:42:44,989 INFO [{}] C:\Users\raxis\AppData\Local\Temp\junit8521886724867438419\myfile.txt
2016-12-16 14:42:44,990 INFO [{}] C:\Users\raxis\AppData\Local\Temp\junit8521886724867438419\myfile.txt
2016-12-16 14:45:41,009 INFO [{}] before class
2016-12-16 14:45:41,262 INFO [{}] C:\Users\raxis\AppData\Local\Temp\junit2504384580079416371\myfile.txt
2016-12-16 14:45:41,263 INFO [{}] C:\Users\raxis\AppData\Local\Temp\junit2504384580079416371\myfile.txt
2016-12-16 14:48:09,043 INFO [{}] before class
2016-12-16 14:48:09,290 INFO [{}] C:\Users\raxis\AppData\Local\Temp\junit7128051435738038541\myfile.txt
2016-12-16 14:48:41,758 INFO [{}] before class
2016-12-16 14:48:42,009 INFO [{}] C:\Users\raxis\AppData\Local\Temp\junit3787766953963458295\myfile.txt
2016-12-16 14:50:50,955 INFO [{}] before class
2016-12-16 14:50:51,206 INFO [{}] C:\Users\raxis\AppData\Local\Temp\junit3961488218280036450\myfile.txt
2016-12-16 14:51:04,040 INFO [{}] before class
2016-12-16 14:51:04,301 INFO [{}] C:\Users\raxis\AppData\Local\Temp\junit2019096257499905121\myfile.txt
2016-12-16 14:51:39,184 INFO [{}] before class
2016-12-16 14:51:39,460 INFO [{}] C:\Users\raxis\AppData\Local\Temp\junit1084649797382595423\myfile.txt
2016-12-16 14:51:57,095 INFO [{}] before class
2016-12-16 14:51:57,338 INFO [{}] C:\Users\raxis\AppData\Local\Temp\junit3219495643809354803\myfile.txt
2016-12-16 14:52:15,221 INFO [{}] before class
2016-12-16 14:52:15,477 INFO [{}] 
2016-12-16 14:56:08,535 INFO [{}] before class
2016-12-16 14:56:08,805 INFO [{}] C:\Users\raxis\AppData\Local\Temp\junit5307626745100375768\myfile.txt
2016-12-16 14:56:51,277 INFO [{}] before class
2016-12-16 14:56:51,522 INFO [{}] C:\Users\raxis\AppData\Local\Temp\junit3670973168704303449\myfile.txt
2016-12-16 14:59:05,241 INFO [{}] before class
2016-12-16 14:59:05,521 INFO [{}] C:\Users\raxis\AppData\Local\Temp\junit6186794036797504750\myfile.txt
2016-12-16 15:01:35,453 INFO [{}] before class
2016-12-16 15:01:35,750 INFO [{}] C:\Users\raxis\AppData\Local\Temp\junit1126615420960099656\myfile.txt
2016-12-16 15:02:22,867 INFO [{}] before class
2016-12-16 15:02:23,127 INFO [{}] C:\Users\raxis\AppData\Local\Temp\junit3808267329330085859\myfile.txt
2016-12-16 15:04:33,040 INFO [{}] before class
2016-12-16 15:04:33,301 INFO [{}] C:\Users\raxis\AppData\Local\Temp\junit6375102011346452498\myfile.txt
2016-12-16 15:06:45,639 INFO [{}] before class
2016-12-16 15:06:45,902 INFO [{}] C:\Users\raxis\AppData\Local\Temp\junit8099949848293330048\myfile.txt
2016-12-16 15:08:08,960 INFO [{}] before class
2016-12-16 15:08:09,215 INFO [{}] C:\Users\raxis\AppData\Local\Temp\junit5245152298918618260\myfile.txt
2016-12-16 15:08:27,918 INFO [{}] before class
2016-12-16 15:08:28,171 INFO [{}] C:\Users\raxis\AppData\Local\Temp\junit2064449128488618233\myfile.txt
2016-12-16 15:09:28,082 INFO [{}] before class
2016-12-16 15:09:28,338 INFO [{}] C:\Users\raxis\AppData\Local\Temp\junit4596230121767158458\myfile.txt
2016-12-16 15:09:58,467 INFO [{}] before class
2016-12-16 15:09:58,730 INFO [{}] C:\Users\raxis\AppData\Local\Temp\junit6945405988546322519\myfile.txt
2016-12-16 15:14:51,066 INFO [{}] C:\Work\Java\Innopolis\SeekUniq\Test.txt
2016-12-16 15:14:51,076 INFO [{}] C:\Work\Java\Innopolis\SeekUniq\Test2.txt
2016-12-16 15:14:51,076 INFO [{}] C:\Work\Java\Innopolis\SeekUniq\Test3.txt
2016-12-16 15:14:51,077 INFO [{}] C:\Work\Java\Innopolis\SeekUniq\Test4.txt
2016-12-16 15:14:51,077 INFO [{}] C:\Work\Java\Innopolis\SeekUniq\Test5.txt
2016-12-16 15:14:51,078 INFO [{}] C:\Work\Java\Innopolis\SeekUniq\Test6.txt
2016-12-16 15:14:51,078 INFO [{}] C:\Work\Java\Innopolis\SeekUniq\Test7.txt
2016-12-16 15:14:51,079 INFO [{}] C:\Work\Java\Innopolis\SeekUniq\Test8.txt
2016-12-16 15:14:51,073 INFO [{}] C:\Work\Java\Innopolis\SeekUniq\Test1.txt
2016-12-16 15:14:51,124 ERROR [{}] Слово не на кириллице "boo" в ресурсе C:\Work\Java\Innopolis\SeekUniq\Test7.txt
2016-12-16 15:14:51,127 ERROR [{}] Слово не на кириллице "API" в ресурсе C:\Work\Java\Innopolis\SeekUniq\Test2.txt
2016-12-16 15:14:51,133 ERROR [{}] Повтор слова "по" в ресурсе C:\Work\Java\Innopolis\SeekUniq\Test3.txt
2016-12-16 15:14:51,138 ERROR [{}] Слово не на кириллице "boo" в ресурсе C:\Work\Java\Innopolis\SeekUniq\Test.txt
2016-12-16 15:14:51,141 ERROR [{}] Повтор слова "вы" в ресурсе C:\Work\Java\Innopolis\SeekUniq\Test4.txt
